<?xml version="1.0" encoding="UTF-8"?>
<!-- Generated by org.testng.reporters.JUnitReportReporter -->
<testsuite hostname="PF2GAWGC" failures="0" tests="1" name="com.runner.CucumberRunnerTests" time="21.021" errors="1" timestamp="2022-12-23T02:38:19 IST" skipped="0">
  <testcase classname="com.runner.CucumberRunnerTests" name="runScenario" time="21.021">
    <error message="Step [User clicks on country as {string} verifies {string}, {string} and {string} subscription details with currency] is defined with 4 parameters at &#039;com.definitions.SubscriptionsDetailsDefinitions.verifyPackagesPriceWithCurrency(java.lang.String,java.lang.String,java.lang.String,java.lang.String)&#039;.
However, the gherkin step has 5 arguments:
 * &quot;&lt;country&gt;&quot;
 * &quot;&lt;lite&gt;&quot;
 * &quot;&lt;classic&gt;&quot;
 * &quot;&lt;premium&gt;&quot;
 * Table:
      | country | lite          | classic       | premium       |
      | Bahrain | 2 BHD/month   | 3 BHD/month   | 6 BHD/month   |
      | KSA     | 15 SAR/month  | 25 SAR/month  | 60 SAR/month  |
      | Kuwait  | 1.2 KWD/month | 2.5 KWD/month | 4.8 KWD/month |

Step text: User clicks on country as &quot;&lt;country&gt;&quot; verifies &quot;&lt;lite&gt;&quot;, &quot;&lt;classic&gt;&quot; and &quot;&lt;premium&gt;&quot; subscription details with currency" type="io.cucumber.core.exception.CucumberException">
      <![CDATA[io.cucumber.core.exception.CucumberException: Step [User clicks on country as {string} verifies {string}, {string} and {string} subscription details with currency] is defined with 4 parameters at 'com.definitions.SubscriptionsDetailsDefinitions.verifyPackagesPriceWithCurrency(java.lang.String,java.lang.String,java.lang.String,java.lang.String)'.
However, the gherkin step has 5 arguments:
 * "<country>"
 * "<lite>"
 * "<classic>"
 * "<premium>"
 * Table:
      | country | lite          | classic       | premium       |
      | Bahrain | 2 BHD/month   | 3 BHD/month   | 6 BHD/month   |
      | KSA     | 15 SAR/month  | 25 SAR/month  | 60 SAR/month  |
      | Kuwait  | 1.2 KWD/month | 2.5 KWD/month | 4.8 KWD/month |

Step text: User clicks on country as "<country>" verifies "<lite>", "<classic>" and "<premium>" subscription details with currency
at io.cucumber.core.runner.PickleStepDefinitionMatch.arityMismatch(PickleStepDefinitionMatch.java:83)
at io.cucumber.core.runner.PickleStepDefinitionMatch.runStep(PickleStepDefinitionMatch.java:42)
at io.cucumber.core.runner.ExecutionMode$1.execute(ExecutionMode.java:10)
at io.cucumber.core.runner.TestStep.executeStep(TestStep.java:85)
at io.cucumber.core.runner.TestStep.run(TestStep.java:57)
at io.cucumber.core.runner.PickleStepTestStep.run(PickleStepTestStep.java:51)
at io.cucumber.core.runner.TestCase.run(TestCase.java:84)
at io.cucumber.core.runner.Runner.runPickle(Runner.java:75)
at io.cucumber.testng.TestNGCucumberRunner.lambda$runScenario$1(TestNGCucumberRunner.java:132)
at io.cucumber.core.runtime.CucumberExecutionContext.lambda$runTestCase$5(CucumberExecutionContext.java:129)
at io.cucumber.core.runtime.RethrowingThrowableCollector.executeAndThrow(RethrowingThrowableCollector.java:23)
at io.cucumber.core.runtime.CucumberExecutionContext.runTestCase(CucumberExecutionContext.java:129)
at io.cucumber.testng.TestNGCucumberRunner.runScenario(TestNGCucumberRunner.java:129)
at io.cucumber.testng.AbstractTestNGCucumberTests.runScenario(AbstractTestNGCucumberTests.java:35)
at java.base/jdk.internal.reflect.NativeMethodAccessorImpl.invoke0(Native Method)
at java.base/jdk.internal.reflect.NativeMethodAccessorImpl.invoke(NativeMethodAccessorImpl.java:77)
at java.base/jdk.internal.reflect.DelegatingMethodAccessorImpl.invoke(DelegatingMethodAccessorImpl.java:43)
at java.base/java.lang.reflect.Method.invoke(Method.java:568)
at org.testng.internal.MethodInvocationHelper.invokeMethod(MethodInvocationHelper.java:133)
at org.testng.internal.TestInvoker.invokeMethod(TestInvoker.java:598)
at org.testng.internal.TestInvoker.invokeTestMethod(TestInvoker.java:173)
at org.testng.internal.MethodRunner.runInSequence(MethodRunner.java:46)
at org.testng.internal.TestInvoker$MethodInvocationAgent.invoke(TestInvoker.java:824)
at org.testng.internal.TestInvoker.invokeTestMethods(TestInvoker.java:146)
at org.testng.internal.TestMethodWorker.invokeTestMethods(TestMethodWorker.java:146)
at org.testng.internal.TestMethodWorker.run(TestMethodWorker.java:128)
at java.base/java.util.ArrayList.forEach(ArrayList.java:1511)
at org.testng.TestRunner.privateRun(TestRunner.java:794)
at org.testng.TestRunner.run(TestRunner.java:596)
at org.testng.SuiteRunner.runTest(SuiteRunner.java:377)
at org.testng.SuiteRunner.runSequentially(SuiteRunner.java:371)
at org.testng.SuiteRunner.privateRun(SuiteRunner.java:332)
at org.testng.SuiteRunner.run(SuiteRunner.java:276)
at org.testng.SuiteRunnerWorker.runSuite(SuiteRunnerWorker.java:53)
at org.testng.SuiteRunnerWorker.run(SuiteRunnerWorker.java:96)
at org.testng.TestNG.runSuitesSequentially(TestNG.java:1212)
at org.testng.TestNG.runSuitesLocally(TestNG.java:1134)
at org.testng.TestNG.runSuites(TestNG.java:1063)
at org.testng.TestNG.run(TestNG.java:1031)
at org.testng.remote.AbstractRemoteTestNG.run(AbstractRemoteTestNG.java:115)
at org.testng.remote.RemoteTestNG.initAndRun(RemoteTestNG.java:251)
at org.testng.remote.RemoteTestNG.main(RemoteTestNG.java:77)
]]>
    </error>
  </testcase> <!-- runScenario -->
  <system-out/>
</testsuite> <!-- com.runner.CucumberRunnerTests -->
